<?xml version="1.0" encoding="UTF-8"?>
<!-- Generated by org.testng.reporters.JUnitXMLReporter -->
<testsuite ignored="0" hostname="30D001" failures="1" tests="6" name="Regression Test" time="0.086" errors="0" timestamp="2024-05-27T22:35:20 CET">
  <testcase classname="com.qacard.SignupScreenTest" name="signupWithValidParameters" time="0.0">
    <failure type="org.testng.TestNGException" message="
Parameter &amp;apos;plateformName&amp;apos; is required by @Test on method signupWithValidParameters but has not been marked @Optional or defined
in D:\Appium\appium_project\QacardTestngApplication\testng.xml">
      <![CDATA[org.testng.TestNGException: 
Parameter 'plateformName' is required by @Test on method signupWithValidParameters but has not been marked @Optional or defined
in D:\Appium\appium_project\QacardTestngApplication\testng.xml
at java.base/java.util.ArrayList.forEach(ArrayList.java:1511)
... Removed 26 stack frames]]>
    </failure>
  </testcase> <!-- signupWithValidParameters -->
  <testcase classname="com.qacard.LoginScreenTest" name="LoginWithValidEmail" time="0.003"/>
  <testcase classname="com.qacard.LoginScreenTest" name="boyMobileBeforeClass" time="0.001"/>
  <testcase classname="com.qacard.LoginScreenTest" name="LoginWithValidPassword" time="0.001"/>
  <testcase classname="com.qacard.LoginScreenTest" name="LoginWithValidCredentials" time="0.003"/>
  <testcase classname="com.qacard.LoginScreenTest" name="ClickSignuponLogin" time="0.002"/>
</testsuite> <!-- Regression Test -->
